<?xml version="1.0" encoding="UTF-8"?>
<!-- Generated by org.testng.reporters.JUnitReportReporter -->
<testsuite skipped="0" hostname="THBSGGNLPT-042" name="com.googlerestapi.rest.soap_getOutageDetails" tests="2" failures="0" timestamp="06 Jul 2018 10:17:23 GMT" time="2.531" errors="0">
  <testcase name="testJSONExtractRestAssured" time="1.935" classname="com.googlerestapi.rest.soap_getOutageDetails"/>
  <testcase name="testJSONExtractRestAssured" time="0.596" classname="com.googlerestapi.rest.soap_getOutageDetails"/>
</testsuite> <!-- com.googlerestapi.rest.soap_getOutageDetails -->
