<?xml version="1.0" encoding="UTF-8"?>
<!-- Generated by org.testng.reporters.JUnitReportReporter -->
<testsuite skipped="0" hostname="THBSGGNLPT-042" name="com.googlerestapi.rest.GetStatusCodeTest" tests="2" failures="0" timestamp="27 Apr 2018 07:14:56 GMT" time="4.567" errors="0">
  <testcase name="testJSONExtractRestAssured" time="2.900" classname="com.googlerestapi.rest.GetStatusCodeTest"/>
  <testcase name="testStatusCodeRestAssured" time="1.667" classname="com.googlerestapi.rest.GetStatusCodeTest"/>
</testsuite> <!-- com.googlerestapi.rest.GetStatusCodeTest -->
