<?xml version="1.0" encoding="UTF-8"?>
<!-- Generated by org.testng.reporters.JUnitReportReporter -->
<testsuite skipped="0" hostname="THBSGGNLPT-042" name="com.googlerestapi.rest.rest_getOutageDetails" tests="2" failures="0" timestamp="06 Jul 2018 06:15:06 GMT" time="5.617" errors="0">
  <testcase name="testJSONExtractRestAssured" time="1.890" classname="com.googlerestapi.rest.rest_getOutageDetails"/>
  <testcase name="testJSONExtractRestAssured" time="3.727" classname="com.googlerestapi.rest.rest_getOutageDetails"/>
</testsuite> <!-- com.googlerestapi.rest.rest_getOutageDetails -->
