<?xml version="1.0" encoding="UTF-8"?>
<!-- Generated by org.testng.reporters.JUnitReportReporter -->
<testsuite skipped="0" hostname="THBSGGNLPT-042" name="com.googlerestapi.rest.rest_post" tests="1" failures="0" timestamp="05 Jul 2018 08:51:40 GMT" time="3.374" errors="0">
  <testcase name="RegistrationSuccessful" time="3.374" classname="com.googlerestapi.rest.rest_post"/>
</testsuite> <!-- com.googlerestapi.rest.rest_post -->
